0 info it worked if it ends with ok
1 verbose cli [ 'node', '/usr/local/bin/npm', 'install', 'redis' ]
2 info using npm@1.1.70
3 info using node@v0.8.16
4 verbose read json /Users/Kevin/Dropbox/Projects/6 Degrees/sixdegrees/package.json
5 warn package.json sixdegrees@0.0.1 No README.md file found!
6 verbose read json /Users/Kevin/Dropbox/Projects/6 Degrees/sixdegrees/node_modules/ejs/package.json
7 verbose read json /Users/Kevin/Dropbox/Projects/6 Degrees/sixdegrees/node_modules/express/package.json
8 verbose read json /Users/Kevin/Dropbox/Projects/6 Degrees/sixdegrees/node_modules/jade/package.json
9 verbose read json /Users/Kevin/Dropbox/Projects/6 Degrees/sixdegrees/node_modules/redis/package.json
10 verbose read json /Users/Kevin/Dropbox/Projects/6 Degrees/sixdegrees/node_modules/redis-url/package.json
11 verbose read json /Users/Kevin/Dropbox/Projects/6 Degrees/sixdegrees/node_modules/socket.io/package.json
12 verbose from cache /Users/Kevin/Dropbox/Projects/6 Degrees/sixdegrees/package.json
13 verbose readDependencies using package.json deps
14 verbose cache add [ 'redis', null ]
15 silly cache add name=undefined spec="redis" args=["redis",null]
16 verbose parsed url { pathname: 'redis', path: 'redis', href: 'redis' }
17 silly lockFile b840fc02-redis redis
18 verbose lock redis /Users/Kevin/.npm/b840fc02-redis.lock
19 silly lockFile b840fc02-redis redis
20 verbose addNamed [ 'redis', '' ]
21 verbose addNamed [ null, '' ]
22 silly lockFile fb3bbc27-redis redis@
23 verbose lock redis@ /Users/Kevin/.npm/fb3bbc27-redis.lock
24 silly lockFile fb3bbc27-redis redis@
25 error Error: EACCES, open '/Users/Kevin/.npm/fb3bbc27-redis.lock'
25 error  { [Error: EACCES, open '/Users/Kevin/.npm/fb3bbc27-redis.lock']
25 error   errno: 3,
25 error   code: 'EACCES',
25 error   path: '/Users/Kevin/.npm/fb3bbc27-redis.lock' }
26 error Please try running this command again as root/Administrator.
27 error System Darwin 13.1.0
28 error command "node" "/usr/local/bin/npm" "install" "redis"
29 error cwd /Users/Kevin/Dropbox/Projects/6 Degrees/sixdegrees
30 error node -v v0.8.16
31 error npm -v 1.1.70
32 error path /Users/Kevin/.npm/fb3bbc27-redis.lock
33 error code EACCES
34 error errno 3
35 error stack Error: EACCES, open '/Users/Kevin/.npm/fb3bbc27-redis.lock'
36 verbose exit [ 3, true ]
